[debug] [2026-03-14T12:35:55.167Z] ----------------------------------------------------------------------
[debug] [2026-03-14T12:35:55.169Z] Command:       /opt/homebrew/Cellar/node/24.3.0/bin/node /opt/homebrew/bin/firebase deploy --only hosting --project project-1on1-859a2
[debug] [2026-03-14T12:35:55.169Z] CLI Version:   15.10.0
[debug] [2026-03-14T12:35:55.169Z] Platform:      darwin
[debug] [2026-03-14T12:35:55.169Z] Node Version:  v24.3.0
[debug] [2026-03-14T12:35:55.169Z] Time:          Sat Mar 14 2026 21:35:55 GMT+0900 (Japan Standard Time)
[debug] [2026-03-14T12:35:55.169Z] ----------------------------------------------------------------------
[debug] 
[debug] [2026-03-14T12:35:55.869Z] > command requires scopes: ["email","openid","https://www.googleapis.com/auth/cloudplatformprojects.readonly","https://www.googleapis.com/auth/firebase","https://www.googleapis.com/auth/cloud-platform"]
[debug] [2026-03-14T12:35:55.869Z] > authorizing via signed-in user (nobutaka0225@gmail.com)
[debug] [2026-03-14T12:35:55.869Z] [iam] checking project project-1on1-859a2 for permissions ["firebase.projects.get","firebasehosting.sites.update"]
[debug] [2026-03-14T12:35:55.869Z] Checked if tokens are valid: true, expires at: 1773493975902
[debug] [2026-03-14T12:35:55.870Z] Checked if tokens are valid: true, expires at: 1773493975902
[debug] [2026-03-14T12:35:55.870Z] >>> [apiv2][query] POST https://cloudresourcemanager.googleapis.com/v1/projects/project-1on1-859a2:testIamPermissions [none]
[debug] [2026-03-14T12:35:55.870Z] >>> [apiv2][(partial)header] POST https://cloudresourcemanager.googleapis.com/v1/projects/project-1on1-859a2:testIamPermissions  x-goog-user-project=project-1on1-859a2
[debug] [2026-03-14T12:35:55.870Z] >>> [apiv2][body] POST https://cloudresourcemanager.googleapis.com/v1/projects/project-1on1-859a2:testIamPermissions {"permissions":["firebase.projects.get","firebasehosting.sites.update"]}
[debug] [2026-03-14T12:35:56.611Z] <<< [apiv2][status] POST https://cloudresourcemanager.googleapis.com/v1/projects/project-1on1-859a2:testIamPermissions 200
[debug] [2026-03-14T12:35:56.612Z] <<< [apiv2][body] POST https://cloudresourcemanager.googleapis.com/v1/projects/project-1on1-859a2:testIamPermissions {"permissions":["firebase.projects.get","firebasehosting.sites.update"]}
[debug] [2026-03-14T12:35:56.612Z] Checked if tokens are valid: true, expires at: 1773493975902
[debug] [2026-03-14T12:35:56.612Z] Checked if tokens are valid: true, expires at: 1773493975902
[debug] [2026-03-14T12:35:56.613Z] >>> [apiv2][query] GET https://firebase.googleapis.com/v1beta1/projects/project-1on1-859a2 [none]
[debug] [2026-03-14T12:35:56.967Z] <<< [apiv2][status] GET https://firebase.googleapis.com/v1beta1/projects/project-1on1-859a2 200
[debug] [2026-03-14T12:35:56.968Z] <<< [apiv2][body] GET https://firebase.googleapis.com/v1beta1/projects/project-1on1-859a2 {"projectId":"project-1on1-859a2","projectNumber":"433206079516","displayName":"project-1on1","name":"projects/project-1on1-859a2","resources":{"hostingSite":"project-1on1-859a2"},"state":"ACTIVE","etag":"1_ff90a6bb-0522-45ee-b837-06a63df2dc3e"}
[debug] [2026-03-14T12:35:57.541Z] Checked if tokens are valid: true, expires at: 1773493975902
[debug] [2026-03-14T12:35:57.541Z] Checked if tokens are valid: true, expires at: 1773493975902
[debug] [2026-03-14T12:35:57.541Z] >>> [apiv2][query] GET https://firebasehosting.googleapis.com/v1beta1/projects/project-1on1-859a2/sites pageToken=&pageSize=10
[debug] [2026-03-14T12:35:58.552Z] <<< [apiv2][status] GET https://firebasehosting.googleapis.com/v1beta1/projects/project-1on1-859a2/sites 200
[debug] [2026-03-14T12:35:58.553Z] <<< [apiv2][body] GET https://firebasehosting.googleapis.com/v1beta1/projects/project-1on1-859a2/sites {"sites":[{"name":"projects/project-1on1-859a2/sites/project-1on1-859a2","defaultUrl":"https://project-1on1-859a2.web.app","appId":"1:433206079516:web:d8e53c887f2921bba2afd9","type":"DEFAULT_SITE"}]}
[debug] [2026-03-14T12:35:58.553Z] Checked if tokens are valid: true, expires at: 1773493975902
[debug] [2026-03-14T12:35:58.553Z] Checked if tokens are valid: true, expires at: 1773493975902
[debug] [2026-03-14T12:35:58.553Z] >>> [apiv2][query] GET https://firebase.googleapis.com/v1beta1/projects/-/webApps/1:433206079516:web:d8e53c887f2921bba2afd9/config [none]
[debug] [2026-03-14T12:35:59.267Z] <<< [apiv2][status] GET https://firebase.googleapis.com/v1beta1/projects/-/webApps/1:433206079516:web:d8e53c887f2921bba2afd9/config 200
[debug] [2026-03-14T12:35:59.267Z] <<< [apiv2][body] GET https://firebase.googleapis.com/v1beta1/projects/-/webApps/1:433206079516:web:d8e53c887f2921bba2afd9/config {"projectId":"project-1on1-859a2","appId":"1:433206079516:web:d8e53c887f2921bba2afd9","storageBucket":"project-1on1-859a2.firebasestorage.app","apiKey":"AIzaSyB8lngC7Jls20VsQexZYKec7LOIIrwa6DU","authDomain":"project-1on1-859a2.firebaseapp.com","messagingSenderId":"433206079516","measurementId":"G-59DTJN2BGJ","projectNumber":"433206079516","version":"2"}
[info] 
   Thank you for trying our early preview of Next.js support on Firebase Hosting.
   During the preview, support is best-effort and breaking changes can be expected. Proceed with caution.
   The integration is known to work with Next.js version 12 - 15.0. You may encounter errors.

   Documentation: https://firebase.google.com/docs/hosting/frameworks/nextjs
   File a bug: https://github.com/firebase/firebase-tools/issues/new?template=bug_report.md
   Submit a feature request: https://github.com/firebase/firebase-tools/issues/new?template=feature_request.md

   We'd love to learn from you. Express your interest in helping us shape the future of Firebase Hosting: https://goo.gle/41enW5X

[debug] [2026-03-14T12:36:00.293Z] Checked if tokens are valid: true, expires at: 1773493975902
[debug] [2026-03-14T12:36:00.293Z] Checked if tokens are valid: true, expires at: 1773493975902
[debug] [2026-03-14T12:36:00.293Z] >>> [apiv2][query] GET https://firebasehosting.googleapis.com/v1beta1/projects/project-1on1-859a2/sites/project-1on1-859a2 [none]
[debug] [2026-03-14T12:36:00.841Z] <<< [apiv2][status] GET https://firebasehosting.googleapis.com/v1beta1/projects/project-1on1-859a2/sites/project-1on1-859a2 200
[debug] [2026-03-14T12:36:00.841Z] <<< [apiv2][body] GET https://firebasehosting.googleapis.com/v1beta1/projects/project-1on1-859a2/sites/project-1on1-859a2 {"name":"projects/project-1on1-859a2/sites/project-1on1-859a2","defaultUrl":"https://project-1on1-859a2.web.app","appId":"1:433206079516:web:d8e53c887f2921bba2afd9","type":"DEFAULT_SITE"}
[info] ▲ Next.js 16.1.6 (Turbopack)

[info] - Environments: .env.local


[info]   Creating an optimized production build ...

[info] ✓ Compiled successfully in 939.2ms

[info]   Running TypeScript ...

[info] Failed to compile.


[info] ./src/app/entry/page.tsx:220:38
Type error: Cannot find name 'AlertCircle'.

  218 |                             <label className="block">
  219 |                                 <span className="text-sm font-semibold text-zinc-500 flex items-center gap-2 mb-3">
> 220 |                                     <AlertCircle size={14} />
      |                                      ^
  221 |                                     達成度（週単位）
  222 |                                 </span>
  223 |                                 <div className="relative">

[info] Next.js build worker exited with code: 1 and signal: null

[debug] [2026-03-14T12:36:03.934Z] Error: ENOENT: no such file or directory, open '/Users/NOB/Projects/01_my-project/project-1on1/.next/export-marker.json'
[error] 
[error] Error: An unexpected error has occurred.
